<?xml version="1.0" encoding="UTF-8"?>
<!-- Generated by org.testng.reporters.JUnitReportReporter -->
<testsuite hostname="IMCHLT059" name="com.fpx.test.QuoteGeneration" tests="5" failures="0" timestamp="6 Feb 2015 12:12:31 GMT" time="125891" errors="0">
  <testcase name="opportunitySelection" time="35548" classname="com.fpx.test.QuoteGeneration"/>
  <testcase name="newQuoteCreation" time="15902" classname="com.fpx.test.QuoteGeneration"/>
  <testcase name="documentGeneration" time="24908" classname="com.fpx.test.QuoteGeneration"/>
  <testcase name="productSelection" time="44993" classname="com.fpx.test.QuoteGeneration"/>
  <testcase name="loginTOApplication" time="4540" classname="com.fpx.test.QuoteGeneration"/>
</testsuite>
